<?xml version='1.0' encoding='UTF-8'?>
<testsuites errors="0" failures="1" name="SchemaValidationSuite" skipped="0" tests="3">
  <testsuite errors="0" failures="1" file="src/test/resources" name="SchemaValidationSuite" skipped="0" tests="3" time="0.0">
    <testcase classname="files" name="src/test/resources/testdata/multi3invalid.yaml-1" time="0.0"/>
    <testcase classname="files" name="src/test/resources/testdata/multi3invalid.yaml-2" time="0.0">
      <failure message="No Schema Error">No schema found in YAML file or provided as parameter</failure>
    </testcase>
    <testcase classname="files" name="src/test/resources/testdata/multi3invalid.yaml-3" time="0.0"/>
  </testsuite>
</testsuites>
