<?xml version='1.0' encoding='UTF-8'?>
<testsuites name="SchemaValidationSuite" tests="3" failures="1" errors="0" skipped="0">
  <testsuite name="SchemaValidationSuite" file="src/test/resources" time="0.0" tests="3" failures="1" errors="0" skipped="0">
    <testcase>
      <testcase classname="files" name="src/test/resources/testdata/multi3invalid.yaml-1" time="0.0">
        <failure/>
      </testcase>
      <testcase classname="files" name="src/test/resources/testdata/multi3invalid.yaml-2" time="0.0">
        <failure message="No Schema Error">No schema found in YAML file or provided as parameter</failure>
      </testcase>
      <testcase classname="files" name="src/test/resources/testdata/multi3invalid.yaml-3" time="0.0">
        <failure/>
      </testcase>
    </testcase>
  </testsuite>
</testsuites>
