<?xml version='1.0' encoding='UTF-8'?>
<testsuites name="SchemaValidationSuite" tests="1" failures="1" errors="0" skipped="0">
  <testsuite name="SchemaValidationSuite" file="src/test/resources" time="0.0" tests="1" failures="1" errors="0" skipped="0">
    <testcase>
      <testcase classname="files" name="invalid.yaml" time="0.0">
        <failure message="Type Mismatch at $.sample.boolean-sample">integer found, boolean expected</failure>
      </testcase>
    </testcase>
  </testsuite>
</testsuites>
