<testsuites name="SchemaValidationSuite" tests="2" failures="1" errors="0" skipped="0">
    <testsuite name="SchemaValidationSuite" file="src/test/resources" time="0.0" tests="2" failures="1" errors="0" skipped="0">
        <testcase>
            <testcase classname="files" name="src/test/resources/valid.yaml" time="0.0">
                <failure/>
            </testcase>
            <testcase classname="files" name="src/test/resources/invalid.yaml" time="0.0">
                <failure message="Type Mismatch at /sample/boolean-sample">integer found, boolean expected</failure>
            </testcase>
        </testcase>
    </testsuite>
</testsuites>